

Started GET "/category/index" for 127.0.0.1 at Sat Mar 26 11:33:51 +0000 2011

ActionController::RoutingError (No route matches "/category/index"):
  

Rendered /Library/Ruby/Gems/1.8/gems/actionpack-3.0.5/lib/action_dispatch/middleware/templates/rescues/routing_error.erb within rescues/layout (1.4ms)


Started GET "/category" for 127.0.0.1 at Sat Mar 26 11:37:02 +0000 2011

ActionController::RoutingError (No route matches "/category"):
  

Rendered /Library/Ruby/Gems/1.8/gems/actionpack-3.0.5/lib/action_dispatch/middleware/templates/rescues/routing_error.erb within rescues/layout (1.2ms)


Started GET "/category" for 127.0.0.1 at Sat Mar 26 11:37:03 +0000 2011

ActionController::RoutingError (No route matches "/category"):
  

Rendered /Library/Ruby/Gems/1.8/gems/actionpack-3.0.5/lib/action_dispatch/middleware/templates/rescues/routing_error.erb within rescues/layout (0.8ms)


Started GET "/category/index" for 127.0.0.1 at Sat Mar 26 11:37:09 +0000 2011

ActionController::RoutingError (No route matches "/category/index"):
  

Rendered /Library/Ruby/Gems/1.8/gems/actionpack-3.0.5/lib/action_dispatch/middleware/templates/rescues/routing_error.erb within rescues/layout (0.8ms)


Started GET "/category/index" for 127.0.0.1 at Sat Mar 26 11:37:39 +0000 2011

ActionController::RoutingError (No route matches "/category/index"):
  

Rendered /Library/Ruby/Gems/1.8/gems/actionpack-3.0.5/lib/action_dispatch/middleware/templates/rescues/routing_error.erb within rescues/layout (0.8ms)


Started GET "/category/index" for 127.0.0.1 at Sat Mar 26 11:37:39 +0000 2011

ActionController::RoutingError (No route matches "/category/index"):
  

Rendered /Library/Ruby/Gems/1.8/gems/actionpack-3.0.5/lib/action_dispatch/middleware/templates/rescues/routing_error.erb within rescues/layout (0.8ms)


Started GET "/category/index" for 127.0.0.1 at Sat Mar 26 11:38:08 +0000 2011

ActionController::RoutingError (No route matches "/category/index"):
  

Rendered /Library/Ruby/Gems/1.8/gems/actionpack-3.0.5/lib/action_dispatch/middleware/templates/rescues/routing_error.erb within rescues/layout (1.1ms)


Started GET "/category/index" for 127.0.0.1 at Sat Mar 26 11:38:09 +0000 2011

ActionController::RoutingError (No route matches "/category/index"):
  

Rendered /Library/Ruby/Gems/1.8/gems/actionpack-3.0.5/lib/action_dispatch/middleware/templates/rescues/routing_error.erb within rescues/layout (1.1ms)


Started GET "/category/index" for 127.0.0.1 at Sat Mar 26 11:38:10 +0000 2011

ActionController::RoutingError (No route matches "/category/index"):
  

Rendered /Library/Ruby/Gems/1.8/gems/actionpack-3.0.5/lib/action_dispatch/middleware/templates/rescues/routing_error.erb within rescues/layout (1.2ms)


Started GET "/category/index" for 127.0.0.1 at Sat Mar 26 11:38:21 +0000 2011

ActionController::RoutingError (No route matches "/category/index"):
  

Rendered /Library/Ruby/Gems/1.8/gems/actionpack-3.0.5/lib/action_dispatch/middleware/templates/rescues/routing_error.erb within rescues/layout (0.8ms)


Started GET "/category/index" for 127.0.0.1 at Sat Mar 26 11:38:22 +0000 2011

ActionController::RoutingError (No route matches "/category/index"):
  

Rendered /Library/Ruby/Gems/1.8/gems/actionpack-3.0.5/lib/action_dispatch/middleware/templates/rescues/routing_error.erb within rescues/layout (0.9ms)


Started GET "/category/index" for 127.0.0.1 at Sat Mar 26 11:38:22 +0000 2011

ActionController::RoutingError (No route matches "/category/index"):
  

Rendered /Library/Ruby/Gems/1.8/gems/actionpack-3.0.5/lib/action_dispatch/middleware/templates/rescues/routing_error.erb within rescues/layout (1.2ms)


Started GET "/category/index" for 127.0.0.1 at Sat Mar 26 11:38:38 +0000 2011
  Processing by CategoryController#index as HTML
Rendered category/index.html.erb within layouts/application (1.8ms)
Completed 200 OK in 10ms (Views: 9.2ms | ActiveRecord: 0.0ms)


Started GET "/category/index" for 127.0.0.1 at Sat Mar 26 11:39:19 +0000 2011
  Processing by CategoryController#index as HTML
Rendered category/index.html.erb within layouts/application (1.7ms)
Completed 200 OK in 8ms (Views: 6.9ms | ActiveRecord: 0.0ms)


Started GET "/category/index" for 127.0.0.1 at Sat Mar 26 11:39:31 +0000 2011
  Processing by CategoryController#index as HTML
Rendered category/index.html.erb within layouts/application (2.2ms)
Completed 200 OK in 8ms (Views: 7.6ms | ActiveRecord: 0.0ms)


Started GET "/category/index" for 127.0.0.1 at Sat Mar 26 11:39:32 +0000 2011
  Processing by CategoryController#index as HTML
Rendered category/index.html.erb within layouts/application (2.0ms)
Completed 200 OK in 8ms (Views: 7.6ms | ActiveRecord: 0.0ms)


Started GET "/category/index" for 127.0.0.1 at Sat Mar 26 11:40:03 +0000 2011
  Processing by CategoryController#index as HTML
Rendered category/index.html.erb within layouts/application (2.4ms)
Completed 200 OK in 10ms (Views: 9.5ms | ActiveRecord: 0.0ms)


Started GET "/category/index" for 127.0.0.1 at Sat Mar 26 11:40:25 +0000 2011
  Processing by CategoryController#index as HTML
Rendered category/index.html.erb within layouts/application (2.0ms)
Completed 200 OK in 8ms (Views: 7.5ms | ActiveRecord: 0.0ms)


Started GET "/category/index" for 127.0.0.1 at Sat Mar 26 11:40:35 +0000 2011
  Processing by CategoryController#index as HTML
Rendered category/index.html.erb within layouts/application (2.9ms)
Completed 200 OK in 12ms (Views: 11.3ms | ActiveRecord: 0.0ms)


Started GET "/category/index" for 127.0.0.1 at Sat Mar 26 11:41:09 +0000 2011
  Processing by CategoryController#index as HTML
Rendered category/index.html.erb within layouts/application (2.8ms)
Completed 200 OK in 10ms (Views: 9.4ms | ActiveRecord: 0.0ms)


Started GET "/category/view/Health" for 127.0.0.1 at Sat Mar 26 11:41:10 +0000 2011
  Processing by CategoryController#view as HTML
  Parameters: {"id"=>"Health"}
Rendered category/view.html.erb within layouts/application (50.7ms)
Completed   in 59ms

ActionView::Template::Error (You have a nil object when you didn't expect it!
You might have expected an instance of Array.
The error occurred while evaluating nil.each):
    1: <ul>
    2:   <% @sets.each do |s| %>
    3:   <li><a href="/entry/view/<%= s[:title] %>"><%= s %></a></li>
    4:   <% end %>
    5: </ul>
  app/views/category/view.html.erb:2:in `_app_views_category_view_html_erb__248292880_2191083380_0'

Rendered /Library/Ruby/Gems/1.8/gems/actionpack-3.0.5/lib/action_dispatch/middleware/templates/rescues/_trace.erb (1.1ms)
Rendered /Library/Ruby/Gems/1.8/gems/actionpack-3.0.5/lib/action_dispatch/middleware/templates/rescues/_request_and_response.erb (4.5ms)
Rendered /Library/Ruby/Gems/1.8/gems/actionpack-3.0.5/lib/action_dispatch/middleware/templates/rescues/template_error.erb within rescues/layout (15.8ms)


Started GET "/category/view/Health" for 127.0.0.1 at Sat Mar 26 11:41:52 +0000 2011
  Processing by CategoryController#view as HTML
  Parameters: {"id"=>"Health"}
Rendered category/view.html.erb within layouts/application (0.9ms)
Completed   in 7ms

ActionView::Template::Error (You have a nil object when you didn't expect it!
You might have expected an instance of Array.
The error occurred while evaluating nil.each):
    1: <ul>
    2:   <% @sets.each do |s| %>
    3:   <li><a href="/entry/view/<%= s[:title] %>"><%= s %></a></li>
    4:   <% end %>
    5: </ul>
  app/views/category/view.html.erb:2:in `_app_views_category_view_html_erb__248292880_2191966340_0'

Rendered /Library/Ruby/Gems/1.8/gems/actionpack-3.0.5/lib/action_dispatch/middleware/templates/rescues/_trace.erb (1.6ms)
Rendered /Library/Ruby/Gems/1.8/gems/actionpack-3.0.5/lib/action_dispatch/middleware/templates/rescues/_request_and_response.erb (5.7ms)
Rendered /Library/Ruby/Gems/1.8/gems/actionpack-3.0.5/lib/action_dispatch/middleware/templates/rescues/template_error.erb within rescues/layout (13.2ms)


Started GET "/category/index" for 127.0.0.1 at Sat Mar 26 11:41:53 +0000 2011
  Processing by CategoryController#index as HTML
Rendered category/index.html.erb within layouts/application (2.7ms)
Completed 200 OK in 10ms (Views: 9.3ms | ActiveRecord: 0.0ms)


Started GET "/category/index" for 127.0.0.1 at Sat Mar 26 11:41:55 +0000 2011
  Processing by CategoryController#index as HTML
Rendered category/index.html.erb within layouts/application (2.3ms)
Completed 200 OK in 9ms (Views: 8.4ms | ActiveRecord: 0.0ms)


Started GET "/category/sets/Transport" for 127.0.0.1 at Sat Mar 26 11:41:55 +0000 2011
  Processing by CategoryController#sets as HTML
  Parameters: {"id"=>"Transport"}
Completed   in 5ms

ActionView::MissingTemplate (Missing template category/sets with {:locale=>[:en, :en], :formats=>[:html], :handlers=>[:rhtml, :erb, :rxml, :builder, :rjs]} in view paths "/Users/ben/Sites/htgt11/htgt11/app/views"):
  

Rendered /Library/Ruby/Gems/1.8/gems/actionpack-3.0.5/lib/action_dispatch/middleware/templates/rescues/missing_template.erb within rescues/layout (0.6ms)


Started GET "/category/sets/Transport" for 127.0.0.1 at Sat Mar 26 11:42:05 +0000 2011
  Processing by CategoryController#sets as HTML
  Parameters: {"id"=>"Transport"}
Rendered category/sets.html.erb within layouts/application (0.9ms)
Completed   in 9ms

ActionView::Template::Error (You have a nil object when you didn't expect it!
You might have expected an instance of Array.
The error occurred while evaluating nil.each):
    1: <ul>
    2:   <% @sets.each do |s| %>
    3:   <li><a href="/entry/view/<%= s[:title] %>"><%= s %></a></li>
    4:   <% end %>
    5: </ul>
  app/views/category/sets.html.erb:2:in `_app_views_category_sets_html_erb___1350854495_2191841220_0'

Rendered /Library/Ruby/Gems/1.8/gems/actionpack-3.0.5/lib/action_dispatch/middleware/templates/rescues/_trace.erb (1.7ms)
Rendered /Library/Ruby/Gems/1.8/gems/actionpack-3.0.5/lib/action_dispatch/middleware/templates/rescues/_request_and_response.erb (5.4ms)
Rendered /Library/Ruby/Gems/1.8/gems/actionpack-3.0.5/lib/action_dispatch/middleware/templates/rescues/template_error.erb within rescues/layout (13.5ms)


Started GET "/category/sets/Transport" for 127.0.0.1 at Sat Mar 26 11:42:21 +0000 2011
  Processing by CategoryController#sets as HTML
  Parameters: {"id"=>"Transport"}
Rendered category/sets.html.erb within layouts/application (0.8ms)
Completed   in 8ms

ActionView::Template::Error (You have a nil object when you didn't expect it!
You might have expected an instance of Array.
The error occurred while evaluating nil.each):
    1: <ul>
    2:   <% @sets.each do |s| %>
    3:   <li><a href="/entry/view/<%= s[:title] %>"><%= s[:title] %></a></li>
    4:   <% end %>
    5: </ul>
  app/views/category/sets.html.erb:2:in `_app_views_category_sets_html_erb___1350854495_2190916680_0'

Rendered /Library/Ruby/Gems/1.8/gems/actionpack-3.0.5/lib/action_dispatch/middleware/templates/rescues/_trace.erb (1.2ms)
Rendered /Library/Ruby/Gems/1.8/gems/actionpack-3.0.5/lib/action_dispatch/middleware/templates/rescues/_request_and_response.erb (4.7ms)
Rendered /Library/Ruby/Gems/1.8/gems/actionpack-3.0.5/lib/action_dispatch/middleware/templates/rescues/template_error.erb within rescues/layout (11.0ms)


Started GET "/category/sets/Transport" for 127.0.0.1 at Sat Mar 26 11:42:27 +0000 2011
  Processing by CategoryController#sets as HTML
  Parameters: {"id"=>"Transport"}
Rendered category/sets.html.erb within layouts/application (0.6ms)
Completed   in 8ms

ActionView::Template::Error (You have a nil object when you didn't expect it!
You might have expected an instance of Array.
The error occurred while evaluating nil.each):
    1: <ul>
    2:   <% @sets.each do |s| %>
    3:   <li><a href="/entry/view/<%= s %>"><%= s %></a></li>
    4:   <% end %>
    5: </ul>
  app/views/category/sets.html.erb:2:in `_app_views_category_sets_html_erb___1350854495_2190068440_0'

Rendered /Library/Ruby/Gems/1.8/gems/actionpack-3.0.5/lib/action_dispatch/middleware/templates/rescues/_trace.erb (1.5ms)
Rendered /Library/Ruby/Gems/1.8/gems/actionpack-3.0.5/lib/action_dispatch/middleware/templates/rescues/_request_and_response.erb (3.8ms)
Rendered /Library/Ruby/Gems/1.8/gems/actionpack-3.0.5/lib/action_dispatch/middleware/templates/rescues/template_error.erb within rescues/layout (10.8ms)


Started GET "/category/sets/Transport" for 127.0.0.1 at Sat Mar 26 11:42:29 +0000 2011
  Processing by CategoryController#sets as HTML
  Parameters: {"id"=>"Transport"}
Rendered category/sets.html.erb within layouts/application (0.6ms)
Completed   in 6ms

ActionView::Template::Error (You have a nil object when you didn't expect it!
You might have expected an instance of Array.
The error occurred while evaluating nil.each):
    1: <ul>
    2:   <% @sets.each do |s| %>
    3:   <li><a href="/entry/view/<%= s %>"><%= s %></a></li>
    4:   <% end %>
    5: </ul>
  app/views/category/sets.html.erb:2:in `_app_views_category_sets_html_erb___1350854495_2191879420_0'

Rendered /Library/Ruby/Gems/1.8/gems/actionpack-3.0.5/lib/action_dispatch/middleware/templates/rescues/_trace.erb (1.0ms)
Rendered /Library/Ruby/Gems/1.8/gems/actionpack-3.0.5/lib/action_dispatch/middleware/templates/rescues/_request_and_response.erb (4.1ms)
Rendered /Library/Ruby/Gems/1.8/gems/actionpack-3.0.5/lib/action_dispatch/middleware/templates/rescues/template_error.erb within rescues/layout (9.5ms)


Started GET "/category/sets/Transport" for 127.0.0.1 at Sat Mar 26 11:42:29 +0000 2011
  Processing by CategoryController#sets as HTML
  Parameters: {"id"=>"Transport"}
Rendered category/sets.html.erb within layouts/application (0.9ms)
Completed   in 8ms

ActionView::Template::Error (You have a nil object when you didn't expect it!
You might have expected an instance of Array.
The error occurred while evaluating nil.each):
    1: <ul>
    2:   <% @sets.each do |s| %>
    3:   <li><a href="/entry/view/<%= s %>"><%= s %></a></li>
    4:   <% end %>
    5: </ul>
  app/views/category/sets.html.erb:2:in `_app_views_category_sets_html_erb___1350854495_2191006220_0'

Rendered /Library/Ruby/Gems/1.8/gems/actionpack-3.0.5/lib/action_dispatch/middleware/templates/rescues/_trace.erb (1.0ms)
Rendered /Library/Ruby/Gems/1.8/gems/actionpack-3.0.5/lib/action_dispatch/middleware/templates/rescues/_request_and_response.erb (4.0ms)
Rendered /Library/Ruby/Gems/1.8/gems/actionpack-3.0.5/lib/action_dispatch/middleware/templates/rescues/template_error.erb within rescues/layout (9.5ms)


Started GET "/category/sets/Transport" for 127.0.0.1 at Sat Mar 26 11:42:30 +0000 2011
  Processing by CategoryController#sets as HTML
  Parameters: {"id"=>"Transport"}
Rendered category/sets.html.erb within layouts/application (0.9ms)
Completed   in 9ms

ActionView::Template::Error (You have a nil object when you didn't expect it!
You might have expected an instance of Array.
The error occurred while evaluating nil.each):
    1: <ul>
    2:   <% @sets.each do |s| %>
    3:   <li><a href="/entry/view/<%= s %>"><%= s %></a></li>
    4:   <% end %>
    5: </ul>
  app/views/category/sets.html.erb:2:in `_app_views_category_sets_html_erb___1350854495_2190132760_0'

Rendered /Library/Ruby/Gems/1.8/gems/actionpack-3.0.5/lib/action_dispatch/middleware/templates/rescues/_trace.erb (1.5ms)
Rendered /Library/Ruby/Gems/1.8/gems/actionpack-3.0.5/lib/action_dispatch/middleware/templates/rescues/_request_and_response.erb (4.6ms)
Rendered /Library/Ruby/Gems/1.8/gems/actionpack-3.0.5/lib/action_dispatch/middleware/templates/rescues/template_error.erb within rescues/layout (12.0ms)


Started GET "/category/sets/Transport" for 127.0.0.1 at Sat Mar 26 11:43:36 +0000 2011
  Processing by CategoryController#sets as HTML
  Parameters: {"id"=>"Transport"}
Rendered category/sets.html.erb within layouts/application (2.0ms)
Completed 200 OK in 10ms (Views: 9.2ms | ActiveRecord: 0.0ms)


Started GET "/entry/view/London%20Bike%20Stands" for 127.0.0.1 at Sat Mar 26 11:43:39 +0000 2011
  Processing by EntryController#view as HTML
  Parameters: {"id"=>"London Bike Stands"}
Completed   in 6ms

ActionView::MissingTemplate (Missing template entry/view with {:locale=>[:en, :en], :formats=>[:html], :handlers=>[:rhtml, :erb, :rxml, :builder, :rjs]} in view paths "/Users/ben/Sites/htgt11/htgt11/app/views"):
  

Rendered /Library/Ruby/Gems/1.8/gems/actionpack-3.0.5/lib/action_dispatch/middleware/templates/rescues/missing_template.erb within rescues/layout (0.6ms)


Started GET "/category/sets/Transport" for 127.0.0.1 at Sat Mar 26 11:43:40 +0000 2011
  Processing by CategoryController#sets as HTML
  Parameters: {"id"=>"Transport"}
Rendered category/sets.html.erb within layouts/application (1.9ms)
Completed 200 OK in 8ms (Views: 7.5ms | ActiveRecord: 0.0ms)


Started GET "/category/index" for 127.0.0.1 at Sat Mar 26 11:43:41 +0000 2011
  Processing by CategoryController#index as HTML
Rendered category/index.html.erb within layouts/application (2.8ms)
Completed 200 OK in 10ms (Views: 9.2ms | ActiveRecord: 0.0ms)


Started GET "/category/sets/Health" for 127.0.0.1 at Sat Mar 26 11:43:42 +0000 2011
  Processing by CategoryController#sets as HTML
  Parameters: {"id"=>"Health"}
Rendered category/sets.html.erb within layouts/application (2.6ms)
Completed 200 OK in 10ms (Views: 9.5ms | ActiveRecord: 0.0ms)


Started GET "/category/index" for 127.0.0.1 at Sat Mar 26 11:43:43 +0000 2011
  Processing by CategoryController#index as HTML
Rendered category/index.html.erb within layouts/application (1.8ms)
Completed 200 OK in 10ms (Views: 9.2ms | ActiveRecord: 0.0ms)


Started GET "/category/sets/Recreation" for 127.0.0.1 at Sat Mar 26 11:43:43 +0000 2011
  Processing by CategoryController#sets as HTML
  Parameters: {"id"=>"Recreation"}
Rendered category/sets.html.erb within layouts/application (2.5ms)
Completed 200 OK in 9ms (Views: 8.7ms | ActiveRecord: 0.0ms)


Started GET "/category/index" for 127.0.0.1 at Sat Mar 26 11:43:44 +0000 2011
  Processing by CategoryController#index as HTML
Rendered category/index.html.erb within layouts/application (2.9ms)
Completed 200 OK in 10ms (Views: 9.0ms | ActiveRecord: 0.0ms)


Started GET "/category/sets/Transport" for 127.0.0.1 at Sat Mar 26 11:43:45 +0000 2011
  Processing by CategoryController#sets as HTML
  Parameters: {"id"=>"Transport"}
Rendered category/sets.html.erb within layouts/application (2.3ms)
Completed 200 OK in 9ms (Views: 8.1ms | ActiveRecord: 0.0ms)


Started GET "/entry/view/London%20Bike%20Stands" for 127.0.0.1 at Sat Mar 26 11:44:17 +0000 2011
  Processing by EntryController#view as HTML
  Parameters: {"id"=>"London Bike Stands"}
Completed   in 5ms

ActionView::MissingTemplate (Missing template entry/view with {:locale=>[:en, :en], :formats=>[:html], :handlers=>[:rhtml, :erb, :rxml, :builder, :rjs]} in view paths "/Users/ben/Sites/htgt11/htgt11/app/views"):
  

Rendered /Library/Ruby/Gems/1.8/gems/actionpack-3.0.5/lib/action_dispatch/middleware/templates/rescues/missing_template.erb within rescues/layout (0.7ms)


Started GET "/category/sets/Transport" for 127.0.0.1 at Sat Mar 26 11:44:18 +0000 2011
  Processing by CategoryController#sets as HTML
  Parameters: {"id"=>"Transport"}
Rendered category/sets.html.erb within layouts/application (2.4ms)
Completed 200 OK in 10ms (Views: 9.4ms | ActiveRecord: 0.0ms)


Started GET "/category/index" for 127.0.0.1 at Sat Mar 26 11:44:19 +0000 2011
  Processing by CategoryController#index as HTML
Rendered category/index.html.erb within layouts/application (1.8ms)
Completed 200 OK in 8ms (Views: 7.2ms | ActiveRecord: 0.0ms)


Started GET "/category/sets/Transport" for 127.0.0.1 at Sat Mar 26 11:44:20 +0000 2011
  Processing by CategoryController#sets as HTML
  Parameters: {"id"=>"Transport"}
Rendered category/sets.html.erb within layouts/application (2.5ms)
Completed 200 OK in 8ms (Views: 7.7ms | ActiveRecord: 0.0ms)


Started GET "/category/sets/Transport" for 127.0.0.1 at Sat Mar 26 11:44:22 +0000 2011
  Processing by CategoryController#sets as HTML
  Parameters: {"id"=>"Transport"}
Rendered category/sets.html.erb within layouts/application (2.5ms)
Completed 200 OK in 10ms (Views: 9.5ms | ActiveRecord: 0.0ms)


Started GET "/category/index" for 127.0.0.1 at Sat Mar 26 11:44:23 +0000 2011
  Processing by CategoryController#index as HTML
Rendered category/index.html.erb within layouts/application (2.8ms)
Completed 200 OK in 10ms (Views: 9.8ms | ActiveRecord: 0.0ms)


Started GET "/category/sets/Transport" for 127.0.0.1 at Sat Mar 26 11:44:23 +0000 2011
  Processing by CategoryController#sets as HTML
  Parameters: {"id"=>"Transport"}
Rendered category/sets.html.erb within layouts/application (5.7ms)
Completed 200 OK in 12ms (Views: 11.6ms | ActiveRecord: 0.0ms)


Started GET "/category/sets/Transport" for 127.0.0.1 at Sat Mar 26 11:44:24 +0000 2011
  Processing by CategoryController#sets as HTML
  Parameters: {"id"=>"Transport"}
Rendered category/sets.html.erb within layouts/application (2.6ms)
Completed 200 OK in 10ms (Views: 9.3ms | ActiveRecord: 0.0ms)


Started GET "/category/sets/Transport" for 127.0.0.1 at Sat Mar 26 11:48:28 +0000 2011
  Processing by CategoryController#sets as HTML
  Parameters: {"id"=>"Transport"}
Rendered category/sets.html.erb within layouts/application (2.8ms)
Completed 200 OK in 10ms (Views: 10.0ms | ActiveRecord: 0.0ms)


Started GET "/entry/view/London%20Bike%20Stands" for 127.0.0.1 at Sat Mar 26 11:48:30 +0000 2011
  Processing by EntryController#view as HTML
  Parameters: {"id"=>"London Bike Stands"}
Completed   in 4ms

ActionView::MissingTemplate (Missing template entry/view with {:locale=>[:en, :en], :formats=>[:html], :handlers=>[:rhtml, :erb, :rxml, :builder, :rjs]} in view paths "/Users/ben/Sites/htgt11/htgt11/app/views"):
  

Rendered /Library/Ruby/Gems/1.8/gems/actionpack-3.0.5/lib/action_dispatch/middleware/templates/rescues/missing_template.erb within rescues/layout (0.6ms)


Started GET "/category/sets/Transport" for 127.0.0.1 at Sat Mar 26 11:48:32 +0000 2011
  Processing by CategoryController#sets as HTML
  Parameters: {"id"=>"Transport"}
Rendered category/sets.html.erb within layouts/application (2.5ms)
Completed 200 OK in 9ms (Views: 8.1ms | ActiveRecord: 0.0ms)


Started GET "/category/sets/Transport" for 127.0.0.1 at Sat Mar 26 11:48:42 +0000 2011
  Processing by CategoryController#sets as HTML
  Parameters: {"id"=>"Transport"}
Rendered category/sets.html.erb within layouts/application (2.7ms)
Completed 200 OK in 8ms (Views: 7.7ms | ActiveRecord: 0.0ms)


Started GET "/category/points/Bus%20Stops" for 127.0.0.1 at Sat Mar 26 11:48:43 +0000 2011
  Processing by CategoryController#points as HTML
  Parameters: {"id"=>"Bus Stops"}
Rendered category/points.html.erb within layouts/application (8.9ms)
Completed   in 69ms

ActionView::Template::Error (undefined local variable or method `param' for #<#<Class:0x10517a3f8>:0x1051787d8>):
    4:   </li>
    5: </ul>
    6: <script type="text/javascript">
    7: $.get('/category/points_json/<%= param[:id] %>', function(data){
    8:   $('ul#points').html('');
    9:   for (var i=0; i<data.length; i++)
    10:     $('ul#points').append('<li><a href="#">' + i['title'] + '</a></li>');
  app/views/category/points.html.erb:7:in `_app_views_category_points_html_erb__1897323870_2190194440_0'

Rendered /Library/Ruby/Gems/1.8/gems/actionpack-3.0.5/lib/action_dispatch/middleware/templates/rescues/_trace.erb (1.1ms)
Rendered /Library/Ruby/Gems/1.8/gems/actionpack-3.0.5/lib/action_dispatch/middleware/templates/rescues/_request_and_response.erb (4.4ms)
Rendered /Library/Ruby/Gems/1.8/gems/actionpack-3.0.5/lib/action_dispatch/middleware/templates/rescues/template_error.erb within rescues/layout (10.7ms)


Started GET "/category/points_json/Bus%20Stops" for 127.0.0.1 at Sat Mar 26 11:49:03 +0000 2011
  Processing by CategoryController#points_json as HTML
  Parameters: {"id"=>"Bus Stops"}
Rendered text template (0.0ms)
Completed 200 OK in 37ms (Views: 36.5ms | ActiveRecord: 0.0ms)


Started GET "/category/sets/Transport" for 127.0.0.1 at Sat Mar 26 11:49:13 +0000 2011
  Processing by CategoryController#sets as HTML
  Parameters: {"id"=>"Transport"}
Rendered category/sets.html.erb within layouts/application (2.5ms)
Completed 200 OK in 8ms (Views: 7.9ms | ActiveRecord: 0.0ms)


Started GET "/category/points/Bus%20Stops" for 127.0.0.1 at Sat Mar 26 11:49:15 +0000 2011
  Processing by CategoryController#points as HTML
  Parameters: {"id"=>"Bus Stops"}
Rendered category/points.html.erb within layouts/application (1.7ms)
Completed 200 OK in 7ms (Views: 6.8ms | ActiveRecord: 0.0ms)


Started GET "/category/points/Bus%20Stops" for 127.0.0.1 at Sat Mar 26 11:49:18 +0000 2011
  Processing by CategoryController#points as HTML
  Parameters: {"id"=>"Bus Stops"}
Rendered category/points.html.erb within layouts/application (2.8ms)
Completed 200 OK in 9ms (Views: 8.3ms | ActiveRecord: 0.0ms)


Started GET "/category/points/Bus%20Stops" for 127.0.0.1 at Sat Mar 26 11:49:40 +0000 2011
  Processing by CategoryController#points as HTML
  Parameters: {"id"=>"Bus Stops"}
Rendered category/points.html.erb within layouts/application (3.0ms)
Completed 200 OK in 10ms (Views: 9.6ms | ActiveRecord: 0.0ms)


Started GET "/category/points/Bus%20Stops" for 127.0.0.1 at Sat Mar 26 11:49:41 +0000 2011
  Processing by CategoryController#points as HTML
  Parameters: {"id"=>"Bus Stops"}
Rendered category/points.html.erb within layouts/application (1.8ms)
Completed 200 OK in 8ms (Views: 7.4ms | ActiveRecord: 0.0ms)


Started GET "/category/points/Bus%20Stops" for 127.0.0.1 at Sat Mar 26 11:49:47 +0000 2011
  Processing by CategoryController#points as HTML
  Parameters: {"id"=>"Bus Stops"}
Rendered category/points.html.erb within layouts/application (2.4ms)
Completed 200 OK in 65ms (Views: 64.6ms | ActiveRecord: 0.0ms)


Started GET "/category/points/Bus%20Stops" for 127.0.0.1 at Sat Mar 26 11:51:08 +0000 2011
  Processing by CategoryController#points as HTML
  Parameters: {"id"=>"Bus Stops"}
Rendered category/points.html.erb within layouts/application (0.9ms)
Completed 200 OK in 6ms (Views: 6.0ms | ActiveRecord: 0.0ms)


Started GET "/javascripts/jquery.js" for 127.0.0.1 at Sat Mar 26 11:51:08 +0000 2011

ActionController::RoutingError (No route matches "/javascripts/jquery.js"):
  

Rendered /Library/Ruby/Gems/1.8/gems/actionpack-3.0.5/lib/action_dispatch/middleware/templates/rescues/routing_error.erb within rescues/layout (1.2ms)


Started GET "/category/points/Bus%20Stops" for 127.0.0.1 at Sat Mar 26 11:51:10 +0000 2011
  Processing by CategoryController#points as HTML
  Parameters: {"id"=>"Bus Stops"}
Rendered category/points.html.erb within layouts/application (1.2ms)
Completed 200 OK in 8ms (Views: 7.4ms | ActiveRecord: 0.0ms)


Started GET "/javascripts/jquery.js" for 127.0.0.1 at Sat Mar 26 11:51:11 +0000 2011

ActionController::RoutingError (No route matches "/javascripts/jquery.js"):
  

Rendered /Library/Ruby/Gems/1.8/gems/actionpack-3.0.5/lib/action_dispatch/middleware/templates/rescues/routing_error.erb within rescues/layout (1.1ms)


Started GET "/category/points/Bus%20Stops" for 127.0.0.1 at Sat Mar 26 11:51:23 +0000 2011
  Processing by CategoryController#points as HTML
  Parameters: {"id"=>"Bus Stops"}
Rendered category/points.html.erb within layouts/application (1.6ms)
Completed 200 OK in 10ms (Views: 9.6ms | ActiveRecord: 0.0ms)


Started GET "/category/points_json/Bus%20Stops" for 127.0.0.1 at Sat Mar 26 11:51:24 +0000 2011
  Processing by CategoryController#points_json as JSON
  Parameters: {"id"=>"Bus Stops"}
Rendered text template (0.0ms)
Completed 200 OK in 3ms (Views: 2.1ms | ActiveRecord: 0.0ms)


Started GET "/category/points/Bus%20Stops" for 127.0.0.1 at Sat Mar 26 11:51:41 +0000 2011
  Processing by CategoryController#points as HTML
  Parameters: {"id"=>"Bus Stops"}
Rendered category/points.html.erb within layouts/application (1.4ms)
Completed 200 OK in 8ms (Views: 6.9ms | ActiveRecord: 0.0ms)


Started GET "/category/points_json/Bus%20Stops" for 127.0.0.1 at Sat Mar 26 11:51:41 +0000 2011
  Processing by CategoryController#points_json as JSON
  Parameters: {"id"=>"Bus Stops"}
Rendered text template (0.0ms)
Completed 200 OK in 2ms (Views: 1.0ms | ActiveRecord: 0.0ms)


Started GET "/category/points/Bus%20Stops" for 127.0.0.1 at Sat Mar 26 11:51:42 +0000 2011
  Processing by CategoryController#points as HTML
  Parameters: {"id"=>"Bus Stops"}
Rendered category/points.html.erb within layouts/application (0.8ms)
Completed 200 OK in 6ms (Views: 5.4ms | ActiveRecord: 0.0ms)


Started GET "/category/points_json/Bus%20Stops" for 127.0.0.1 at Sat Mar 26 11:51:42 +0000 2011
  Processing by CategoryController#points_json as JSON
  Parameters: {"id"=>"Bus Stops"}
Rendered text template (0.0ms)
Completed 200 OK in 1ms (Views: 0.8ms | ActiveRecord: 0.0ms)


Started GET "/category/points/Bus%20Stops" for 127.0.0.1 at Sat Mar 26 11:51:45 +0000 2011
  Processing by CategoryController#points as HTML
  Parameters: {"id"=>"Bus Stops"}
Rendered category/points.html.erb within layouts/application (0.9ms)
Completed 200 OK in 7ms (Views: 6.0ms | ActiveRecord: 0.0ms)


Started GET "/category/points_json/Bus%20Stops" for 127.0.0.1 at Sat Mar 26 11:51:45 +0000 2011
  Processing by CategoryController#points_json as JSON
  Parameters: {"id"=>"Bus Stops"}
Rendered text template (0.0ms)
Completed 200 OK in 1ms (Views: 0.8ms | ActiveRecord: 0.0ms)


Started GET "/category/points/Bus%20Stops" for 127.0.0.1 at Sat Mar 26 11:52:03 +0000 2011
  Processing by CategoryController#points as HTML
  Parameters: {"id"=>"Bus Stops"}
Rendered category/points.html.erb within layouts/application (0.8ms)
Completed 200 OK in 6ms (Views: 5.2ms | ActiveRecord: 0.0ms)


Started GET "/category/points_json/Bus%20Stops" for 127.0.0.1 at Sat Mar 26 11:52:03 +0000 2011
  Processing by CategoryController#points_json as JSON
  Parameters: {"id"=>"Bus Stops"}
Rendered text template (0.0ms)
Completed 200 OK in 3ms (Views: 1.9ms | ActiveRecord: 0.0ms)


Started GET "/entry/view/St%20Johns%20Road" for 127.0.0.1 at Sat Mar 26 11:52:04 +0000 2011
  Processing by EntryController#view as HTML
  Parameters: {"id"=>"St Johns Road"}
Completed   in 4ms

ActionView::MissingTemplate (Missing template entry/view with {:locale=>[:en, :en], :formats=>[:html], :handlers=>[:rhtml, :erb, :rxml, :builder, :rjs]} in view paths "/Users/ben/Sites/htgt11/htgt11/app/views"):
  

Rendered /Library/Ruby/Gems/1.8/gems/actionpack-3.0.5/lib/action_dispatch/middleware/templates/rescues/missing_template.erb within rescues/layout (0.7ms)


Started GET "/entry/view/St%20Johns%20Road" for 127.0.0.1 at Sat Mar 26 11:52:21 +0000 2011
  Processing by EntryController#view as HTML
  Parameters: {"id"=>"St Johns Road"}
Rendered entry/view.html.erb within layouts/application (0.9ms)
Completed 200 OK in 7ms (Views: 6.6ms | ActiveRecord: 0.0ms)


Started GET "/entry/view/St%20Johns%20Road" for 127.0.0.1 at Sat Mar 26 11:52:48 +0000 2011
  Processing by EntryController#view as HTML
  Parameters: {"id"=>"St Johns Road"}
Rendered entry/view.html.erb within layouts/application (60.7ms)
Completed   in 66ms

ActionView::Template::Error (undefined local variable or method `entry' for #<#<Class:0x1050f10d0>:0x1050ef528>):
    1: <h1><%= entry['title'] %></h1>
    2: <h2>Category &gt; Subcategory</h2>
  app/views/entry/view.html.erb:1:in `_app_views_entry_view_html_erb___1280243331_2189913480_0'

Rendered /Library/Ruby/Gems/1.8/gems/actionpack-3.0.5/lib/action_dispatch/middleware/templates/rescues/_trace.erb (0.9ms)
Rendered /Library/Ruby/Gems/1.8/gems/actionpack-3.0.5/lib/action_dispatch/middleware/templates/rescues/_request_and_response.erb (3.5ms)
Rendered /Library/Ruby/Gems/1.8/gems/actionpack-3.0.5/lib/action_dispatch/middleware/templates/rescues/template_error.erb within rescues/layout (8.3ms)


Started GET "/entry/view/St%20Johns%20Road" for 127.0.0.1 at Sat Mar 26 11:52:57 +0000 2011
  Processing by EntryController#view as HTML
  Parameters: {"id"=>"St Johns Road"}
Rendered entry/view.html.erb within layouts/application (0.8ms)
Completed 200 OK in 6ms (Views: 5.6ms | ActiveRecord: 0.0ms)


Started GET "/entry/view/St%20Johns%20Road" for 127.0.0.1 at Sat Mar 26 11:53:12 +0000 2011
  Processing by EntryController#view as HTML
  Parameters: {"id"=>"St Johns Road"}
Rendered entry/view.html.erb within layouts/application (0.8ms)
Completed 200 OK in 7ms (Views: 5.8ms | ActiveRecord: 0.0ms)


Started GET "/category/points/Bus%20Stops" for 127.0.0.1 at Sat Mar 26 11:53:14 +0000 2011
  Processing by CategoryController#points as HTML
  Parameters: {"id"=>"Bus Stops"}
Rendered category/points.html.erb within layouts/application (0.8ms)
Completed 200 OK in 6ms (Views: 5.5ms | ActiveRecord: 0.0ms)


Started GET "/category/points_json/Bus%20Stops" for 127.0.0.1 at Sat Mar 26 11:53:14 +0000 2011
  Processing by CategoryController#points_json as JSON
  Parameters: {"id"=>"Bus Stops"}
Rendered text template (0.0ms)
Completed 200 OK in 1ms (Views: 0.8ms | ActiveRecord: 0.0ms)


Started GET "/entry/view/York%20Street" for 127.0.0.1 at Sat Mar 26 11:53:15 +0000 2011
  Processing by EntryController#view as HTML
  Parameters: {"id"=>"York Street"}
Rendered entry/view.html.erb within layouts/application (0.8ms)
Completed 200 OK in 6ms (Views: 5.3ms | ActiveRecord: 0.0ms)


Started GET "/category/points/Bus%20Stops" for 127.0.0.1 at Sat Mar 26 11:53:16 +0000 2011
  Processing by CategoryController#points as HTML
  Parameters: {"id"=>"Bus Stops"}
Rendered category/points.html.erb within layouts/application (0.8ms)
Completed 200 OK in 7ms (Views: 6.3ms | ActiveRecord: 0.0ms)


Started GET "/category/points_json/Bus%20Stops" for 127.0.0.1 at Sat Mar 26 11:53:16 +0000 2011
  Processing by CategoryController#points_json as JSON
  Parameters: {"id"=>"Bus Stops"}
Rendered text template (0.0ms)
Completed 200 OK in 1ms (Views: 0.8ms | ActiveRecord: 0.0ms)


Started GET "/category/sets/Transport" for 127.0.0.1 at Sat Mar 26 11:53:17 +0000 2011
  Processing by CategoryController#sets as HTML
  Parameters: {"id"=>"Transport"}
Rendered category/sets.html.erb within layouts/application (0.9ms)
Completed 200 OK in 6ms (Views: 5.7ms | ActiveRecord: 0.0ms)


Started GET "/category/index" for 127.0.0.1 at Sat Mar 26 11:53:17 +0000 2011
  Processing by CategoryController#index as HTML
Rendered category/index.html.erb within layouts/application (1.2ms)
Completed 200 OK in 8ms (Views: 7.0ms | ActiveRecord: 0.0ms)


Started GET "/category/sets/Recreation" for 127.0.0.1 at Sat Mar 26 11:53:18 +0000 2011
  Processing by CategoryController#sets as HTML
  Parameters: {"id"=>"Recreation"}
Rendered category/sets.html.erb within layouts/application (0.9ms)
Completed 200 OK in 6ms (Views: 5.5ms | ActiveRecord: 0.0ms)


Started GET "/category/points/London%20Bike%20Stands" for 127.0.0.1 at Sat Mar 26 11:53:19 +0000 2011
  Processing by CategoryController#points as HTML
  Parameters: {"id"=>"London Bike Stands"}
Rendered category/points.html.erb within layouts/application (0.8ms)
Completed 200 OK in 6ms (Views: 5.2ms | ActiveRecord: 0.0ms)


Started GET "/category/points_json/London%20Bike%20Stands" for 127.0.0.1 at Sat Mar 26 11:53:19 +0000 2011
  Processing by CategoryController#points_json as JSON
  Parameters: {"id"=>"London Bike Stands"}
Rendered text template (0.0ms)
Completed 200 OK in 1ms (Views: 0.8ms | ActiveRecord: 0.0ms)


Started GET "/entry/view/St%20Johns%20Road" for 127.0.0.1 at Sat Mar 26 11:53:19 +0000 2011
  Processing by EntryController#view as HTML
  Parameters: {"id"=>"St Johns Road"}
Rendered entry/view.html.erb within layouts/application (0.7ms)
Completed 200 OK in 6ms (Views: 5.3ms | ActiveRecord: 0.0ms)


Started GET "/category/points/London%20Bike%20Stands" for 127.0.0.1 at Sat Mar 26 11:53:21 +0000 2011
  Processing by CategoryController#points as HTML
  Parameters: {"id"=>"London Bike Stands"}
Rendered category/points.html.erb within layouts/application (0.8ms)
Completed 200 OK in 6ms (Views: 5.3ms | ActiveRecord: 0.0ms)


Started GET "/category/points_json/London%20Bike%20Stands" for 127.0.0.1 at Sat Mar 26 11:53:21 +0000 2011
  Processing by CategoryController#points_json as JSON
  Parameters: {"id"=>"London Bike Stands"}
Rendered text template (0.0ms)
Completed 200 OK in 2ms (Views: 0.9ms | ActiveRecord: 0.0ms)


Started GET "/category/sets/Transport" for 127.0.0.1 at Sat Mar 26 11:54:48 +0000 2011
  Processing by CategoryController#sets as HTML
  Parameters: {"id"=>"Transport"}
Rendered category/sets.html.erb within layouts/application (0.9ms)
Completed 200 OK in 6ms (Views: 5.5ms | ActiveRecord: 0.0ms)


Started GET "/category/points/Bus%20Stops" for 127.0.0.1 at Sat Mar 26 11:54:57 +0000 2011
  Processing by CategoryController#points as HTML
  Parameters: {"id"=>"Bus Stops"}
Rendered category/points.html.erb within layouts/application (0.8ms)
Completed 200 OK in 6ms (Views: 5.2ms | ActiveRecord: 0.0ms)


Started GET "/category/points_json/Bus%20Stops" for 127.0.0.1 at Sat Mar 26 11:54:57 +0000 2011
  Processing by CategoryController#points_json as JSON
  Parameters: {"id"=>"Bus Stops"}
Rendered text template (0.0ms)
Completed 200 OK in 1ms (Views: 0.8ms | ActiveRecord: 0.0ms)


Started GET "/category/points/Bus%20Stops" for 127.0.0.1 at Sat Mar 26 11:55:06 +0000 2011
  Processing by CategoryController#points as HTML
  Parameters: {"id"=>"Bus Stops"}
Rendered category/points.html.erb within layouts/application (0.8ms)
Completed 200 OK in 6ms (Views: 5.4ms | ActiveRecord: 0.0ms)


Started GET "/category/points_json/Bus%20Stops" for 127.0.0.1 at Sat Mar 26 11:55:06 +0000 2011
  Processing by CategoryController#points_json as JSON
  Parameters: {"id"=>"Bus Stops"}
Rendered text template (0.0ms)
Completed 200 OK in 3ms (Views: 1.7ms | ActiveRecord: 0.0ms)


Started GET "/category/points/Bus%20Stops" for 127.0.0.1 at Sat Mar 26 11:55:06 +0000 2011
  Processing by CategoryController#points as HTML
  Parameters: {"id"=>"Bus Stops"}
Rendered category/points.html.erb within layouts/application (0.8ms)
Completed 200 OK in 6ms (Views: 5.2ms | ActiveRecord: 0.0ms)


Started GET "/category/points_json/Bus%20Stops" for 127.0.0.1 at Sat Mar 26 11:55:06 +0000 2011
  Processing by CategoryController#points_json as JSON
  Parameters: {"id"=>"Bus Stops"}
Rendered text template (0.0ms)
Completed 200 OK in 2ms (Views: 1.0ms | ActiveRecord: 0.0ms)


Started GET "/entry/view/St%20Johns%20Road" for 127.0.0.1 at Sat Mar 26 11:55:20 +0000 2011
  Processing by EntryController#view as HTML
  Parameters: {"id"=>"St Johns Road"}
Rendered entry/view.html.erb within layouts/application (0.8ms)
Completed 200 OK in 6ms (Views: 5.8ms | ActiveRecord: 0.0ms)


Started GET "/category/points/Bus%20Stops" for 127.0.0.1 at Sat Mar 26 12:07:07 +0000 2011
  Processing by CategoryController#points as HTML
  Parameters: {"id"=>"Bus Stops"}
Rendered category/points.html.erb within layouts/application (0.8ms)
Completed 200 OK in 7ms (Views: 6.6ms | ActiveRecord: 0.0ms)


Started GET "/category/points/Bus%20Stops" for 127.0.0.1 at Sat Mar 26 12:07:14 +0000 2011
  Processing by CategoryController#points as HTML
  Parameters: {"id"=>"Bus Stops"}
Rendered category/points.html.erb within layouts/application (0.8ms)
Completed 200 OK in 6ms (Views: 5.5ms | ActiveRecord: 0.0ms)


Started GET "/category/points/Bus%20Stops" for 127.0.0.1 at Sat Mar 26 12:07:32 +0000 2011
  Processing by CategoryController#points as HTML
  Parameters: {"id"=>"Bus Stops"}
Rendered category/points.html.erb within layouts/application (1.0ms)
Completed 200 OK in 6ms (Views: 5.9ms | ActiveRecord: 0.0ms)


Started GET "/category/points_json/Bus%20Stops" for 127.0.0.1 at Sat Mar 26 12:07:33 +0000 2011
  Processing by CategoryController#points_json as JSON
  Parameters: {"id"=>"Bus Stops"}
Rendered text template (0.0ms)
Completed 200 OK in 2ms (Views: 0.8ms | ActiveRecord: 0.0ms)


Started GET "/category/points/Bus%20Stops" for 127.0.0.1 at Sat Mar 26 12:07:34 +0000 2011
  Processing by CategoryController#points as HTML
  Parameters: {"id"=>"Bus Stops"}
Rendered category/points.html.erb within layouts/application (0.8ms)
Completed 200 OK in 6ms (Views: 5.2ms | ActiveRecord: 0.0ms)


Started GET "/category/points_json/Bus%20Stops" for 127.0.0.1 at Sat Mar 26 12:07:34 +0000 2011
  Processing by CategoryController#points_json as JSON
  Parameters: {"id"=>"Bus Stops"}
Rendered text template (0.0ms)
Completed 200 OK in 1ms (Views: 0.8ms | ActiveRecord: 0.0ms)


Started GET "/category/points/Bus%20Stops" for 127.0.0.1 at Sat Mar 26 12:08:43 +0000 2011
  Processing by CategoryController#points as HTML
  Parameters: {"id"=>"Bus Stops"}
Rendered category/points.html.erb within layouts/application (0.8ms)
Completed 200 OK in 6ms (Views: 5.4ms | ActiveRecord: 0.0ms)


Started GET "/category/points/Bus%20Stops" for 127.0.0.1 at Sat Mar 26 12:08:59 +0000 2011
  Processing by CategoryController#points as HTML
  Parameters: {"id"=>"Bus Stops"}
Rendered category/points.html.erb within layouts/application (0.9ms)
Completed 200 OK in 6ms (Views: 5.4ms | ActiveRecord: 0.0ms)


Started GET "/category/points/Bus%20Stops" for 127.0.0.1 at Sat Mar 26 12:09:15 +0000 2011
  Processing by CategoryController#points as HTML
  Parameters: {"id"=>"Bus Stops"}
Rendered category/points.html.erb within layouts/application (0.9ms)
Completed 200 OK in 6ms (Views: 5.5ms | ActiveRecord: 0.0ms)


Started GET "/category/points/Bus%20Stops" for 127.0.0.1 at Sat Mar 26 12:09:40 +0000 2011
  Processing by CategoryController#points as HTML
  Parameters: {"id"=>"Bus Stops"}
Rendered category/points.html.erb within layouts/application (0.8ms)
Completed 200 OK in 6ms (Views: 5.5ms | ActiveRecord: 0.0ms)


Started GET "/category/points/Bus%20Stops" for 127.0.0.1 at Sat Mar 26 12:10:07 +0000 2011
  Processing by CategoryController#points as HTML
  Parameters: {"id"=>"Bus Stops"}
Rendered category/points.html.erb within layouts/application (0.8ms)
Completed 200 OK in 6ms (Views: 5.2ms | ActiveRecord: 0.0ms)


Started GET "/category/points/Bus%20Stops" for 127.0.0.1 at Sat Mar 26 12:10:47 +0000 2011
  Processing by CategoryController#points as HTML
  Parameters: {"id"=>"Bus Stops"}
Rendered category/points.html.erb within layouts/application (0.8ms)
Completed 200 OK in 6ms (Views: 5.5ms | ActiveRecord: 0.0ms)


Started GET "/category/points/Bus%20Stops" for 127.0.0.1 at Sat Mar 26 12:11:23 +0000 2011
  Processing by CategoryController#points as HTML
  Parameters: {"id"=>"Bus Stops"}
Rendered category/points.html.erb within layouts/application (0.9ms)
Completed 200 OK in 6ms (Views: 5.4ms | ActiveRecord: 0.0ms)


Started GET "/category/points/Bus%20Stops" for 127.0.0.1 at Sat Mar 26 12:12:12 +0000 2011
  Processing by CategoryController#points as HTML
  Parameters: {"id"=>"Bus Stops"}
Rendered category/points.html.erb within layouts/application (0.8ms)
Completed 200 OK in 6ms (Views: 5.4ms | ActiveRecord: 0.0ms)


Started GET "/category/points/Bus%20Stops" for 127.0.0.1 at Sat Mar 26 12:12:31 +0000 2011
  Processing by CategoryController#points as HTML
  Parameters: {"id"=>"Bus Stops"}
Rendered category/points.html.erb within layouts/application (0.9ms)
Completed 200 OK in 59ms (Views: 58.4ms | ActiveRecord: 0.0ms)


Started GET "/category" for 10.195.80.51 at Sat Mar 26 12:16:28 +0000 2011
  Processing by CategoryController#index as HTML
Rendered category/index.html.erb within layouts/application (0.9ms)
Completed 200 OK in 6ms (Views: 5.4ms | ActiveRecord: 0.0ms)


Started GET "/category/sets/Health" for 10.195.80.51 at Sat Mar 26 12:16:30 +0000 2011
  Processing by CategoryController#sets as HTML
  Parameters: {"id"=>"Health"}
Rendered category/sets.html.erb within layouts/application (0.8ms)
Completed 200 OK in 6ms (Views: 5.4ms | ActiveRecord: 0.0ms)


Started GET "/category/points/Tube%20Stations" for 10.195.80.51 at Sat Mar 26 12:16:32 +0000 2011
  Processing by CategoryController#points as HTML
  Parameters: {"id"=>"Tube Stations"}
Rendered category/points.html.erb within layouts/application (0.7ms)
Completed 200 OK in 6ms (Views: 5.2ms | ActiveRecord: 0.0ms)


Started GET "/category/points/Tube%20Stations" for 10.195.80.51 at Sat Mar 26 12:16:48 +0000 2011
  Processing by CategoryController#points as HTML
  Parameters: {"id"=>"Tube Stations"}
Rendered category/points.html.erb within layouts/application (0.8ms)
Completed 200 OK in 6ms (Views: 5.1ms | ActiveRecord: 0.0ms)


Started GET "/category/points_json/Tube%20Stations?lat=51.53482568058823&long=-0.12214718588235295" for 10.195.80.51 at Sat Mar 26 12:16:50 +0000 2011
  Processing by CategoryController#points_json as JSON
  Parameters: {"id"=>"Tube Stations", "lat"=>"51.53482568058823", "long"=>"-0.12214718588235295"}
Rendered text template (0.0ms)
Completed 200 OK in 1ms (Views: 0.7ms | ActiveRecord: 0.0ms)


Started GET "/entry/view/York%20Street" for 10.195.80.51 at Sat Mar 26 12:16:52 +0000 2011
  Processing by EntryController#view as HTML
  Parameters: {"id"=>"York Street"}
Rendered entry/view.html.erb within layouts/application (0.7ms)
Completed 200 OK in 6ms (Views: 5.4ms | ActiveRecord: 0.0ms)


Started GET "/category/points/Bus%20Stops" for 127.0.0.1 at Sat Mar 26 12:17:06 +0000 2011
  Processing by CategoryController#points as HTML
  Parameters: {"id"=>"Bus Stops"}
Rendered category/points.html.erb within layouts/application (0.8ms)
Completed 200 OK in 6ms (Views: 5.5ms | ActiveRecord: 0.0ms)


Started GET "/category/points/Bus%20Stops" for 127.0.0.1 at Sat Mar 26 12:17:28 +0000 2011
  Processing by CategoryController#points as HTML
  Parameters: {"id"=>"Bus Stops"}
Rendered category/points.html.erb within layouts/application (1.4ms)
Completed 200 OK in 7ms (Views: 6.0ms | ActiveRecord: 0.0ms)


Started GET "/category/points_json/Bus%20Stops?lat=51.51333&long=-0.088947" for 127.0.0.1 at Sat Mar 26 12:17:32 +0000 2011
  Processing by CategoryController#points_json as JSON
  Parameters: {"id"=>"Bus Stops", "lat"=>"51.51333", "long"=>"-0.088947"}
Rendered text template (0.0ms)
Completed 200 OK in 2ms (Views: 0.9ms | ActiveRecord: 0.0ms)


Started GET "/entry/view/St%20Johns%20Road" for 127.0.0.1 at Sat Mar 26 12:17:34 +0000 2011
  Processing by EntryController#view as HTML
  Parameters: {"id"=>"St Johns Road"}
Rendered entry/view.html.erb within layouts/application (1.0ms)
Completed 200 OK in 6ms (Views: 5.5ms | ActiveRecord: 0.0ms)


Started GET "/categeory" for 127.0.0.1 at Sat Mar 26 12:17:54 +0000 2011

ActionController::RoutingError (No route matches "/categeory"):
  

Rendered /Library/Ruby/Gems/1.8/gems/actionpack-3.0.5/lib/action_dispatch/middleware/templates/rescues/routing_error.erb within rescues/layout (0.7ms)


Started GET "/categegory" for 127.0.0.1 at Sat Mar 26 12:17:58 +0000 2011

ActionController::RoutingError (No route matches "/categegory"):
  

Rendered /Library/Ruby/Gems/1.8/gems/actionpack-3.0.5/lib/action_dispatch/middleware/templates/rescues/routing_error.erb within rescues/layout (0.7ms)


Started GET "/category" for 127.0.0.1 at Sat Mar 26 12:18:01 +0000 2011
  Processing by CategoryController#index as HTML
Rendered category/index.html.erb within layouts/application (0.9ms)
Completed 200 OK in 6ms (Views: 5.7ms | ActiveRecord: 0.0ms)


Started GET "/category/sets/Transport" for 127.0.0.1 at Sat Mar 26 12:18:04 +0000 2011
  Processing by CategoryController#sets as HTML
  Parameters: {"id"=>"Transport"}
Rendered category/sets.html.erb within layouts/application (0.9ms)
Completed 200 OK in 6ms (Views: 5.7ms | ActiveRecord: 0.0ms)


Started GET "/category/points/London%20Bike%20Stands" for 127.0.0.1 at Sat Mar 26 12:18:05 +0000 2011
  Processing by CategoryController#points as HTML
  Parameters: {"id"=>"London Bike Stands"}
Rendered category/points.html.erb within layouts/application (0.8ms)
Completed 200 OK in 6ms (Views: 5.3ms | ActiveRecord: 0.0ms)


Started GET "/category/points_json/London%20Bike%20Stands?lat=51.51333&long=-0.088947" for 127.0.0.1 at Sat Mar 26 12:18:05 +0000 2011
  Processing by CategoryController#points_json as JSON
  Parameters: {"id"=>"London Bike Stands", "lat"=>"51.51333", "long"=>"-0.088947"}
Rendered text template (0.0ms)
Completed 200 OK in 1ms (Views: 0.8ms | ActiveRecord: 0.0ms)


Started GET "/entry/view/York%20Street" for 127.0.0.1 at Sat Mar 26 12:18:18 +0000 2011
  Processing by EntryController#view as HTML
  Parameters: {"id"=>"York Street"}
Rendered entry/view.html.erb within layouts/application (0.8ms)
Completed 200 OK in 6ms (Views: 5.4ms | ActiveRecord: 0.0ms)


Started GET "/category/points_json/London%20Bike%20Stands?lat=51.51333&long=-0.088947" for 127.0.0.1 at Sat Mar 26 12:18:19 +0000 2011
  Processing by CategoryController#points_json as JSON
  Parameters: {"id"=>"London Bike Stands", "lat"=>"51.51333", "long"=>"-0.088947"}
Rendered text template (0.0ms)
Completed 200 OK in 2ms (Views: 0.9ms | ActiveRecord: 0.0ms)


Started GET "/category" for 127.0.0.1 at Sat Mar 26 12:18:22 +0000 2011
  Processing by CategoryController#index as HTML
Rendered category/index.html.erb within layouts/application (0.8ms)
Completed 200 OK in 6ms (Views: 5.6ms | ActiveRecord: 0.0ms)


Started GET "/entry/view/York%20Street" for 10.195.80.51 at Sat Mar 26 12:21:34 +0000 2011
  Processing by EntryController#view as HTML
  Parameters: {"id"=>"York Street"}
Rendered entry/view.html.erb within layouts/application (0.7ms)
Completed 200 OK in 6ms (Views: 5.2ms | ActiveRecord: 0.0ms)


Started GET "/entry/view/York%20Street" for 10.195.80.51 at Sat Mar 26 12:22:10 +0000 2011
  Processing by EntryController#view as HTML
  Parameters: {"id"=>"York Street"}
Rendered entry/view.html.erb within layouts/application (0.8ms)
Completed 200 OK in 6ms (Views: 5.3ms | ActiveRecord: 0.0ms)


Started GET "/entry/view/York%20Street" for 10.195.80.51 at Sat Mar 26 12:22:19 +0000 2011
  Processing by EntryController#view as HTML
  Parameters: {"id"=>"York Street"}
Rendered entry/view.html.erb within layouts/application (0.7ms)
Completed 200 OK in 6ms (Views: 5.2ms | ActiveRecord: 0.0ms)
